10:54:13.907 INFO - Selenium build info: version: '3.8.1', revision: '6e95a6684b'
10:54:13.907 INFO - Launching a standalone Selenium Server
2018-02-11 10:54:13.987:INFO::main: Logging initialized @293ms to org.seleniumhq.jetty9.util.log.StdErrLog
10:54:14.020 INFO - Using `new FirefoxOptions()` is preferred to `DesiredCapabilities.firefox()`
10:54:14.032 INFO - Using `new ChromeOptions()` is preferred to `DesiredCapabilities.chrome()`
10:54:14.033 INFO - Using `new EdgeOptions()` is preferred to `DesiredCapabilities.edge()`
10:54:14.034 INFO - Driver class not found: com.opera.core.systems.OperaDriver
10:54:14.034 INFO - Using `new OperaOptions()` is preferred to `DesiredCapabilities.operaBlink()`
10:54:14.035 INFO - Using `new SafariOptions()` is preferred to `DesiredCapabilities.safari()`
10:54:14.035 INFO - Driver class not found: org.openqa.selenium.phantomjs.PhantomJSDriver
10:54:14.061 INFO - Driver provider class org.openqa.selenium.ie.InternetExplorerDriver registration is skipped:
 registration capabilities Capabilities {browserName: internet explorer, ensureCleanSession: true, platform: WINDOWS, version: } does not match the current platform MAC
10:54:14.061 INFO - Driver provider class org.openqa.selenium.edge.EdgeDriver registration is skipped:
 registration capabilities Capabilities {browserName: MicrosoftEdge, platform: WINDOWS, version: } does not match the current platform MAC
10:54:14.094 INFO - Using `new ChromeOptions()` is preferred to `DesiredCapabilities.chrome()`
10:54:14.095 INFO - Using `new EdgeOptions()` is preferred to `DesiredCapabilities.edge()`
10:54:14.095 INFO - Using `new FirefoxOptions()` is preferred to `DesiredCapabilities.firefox()`
10:54:14.096 INFO - Using `new OperaOptions()` is preferred to `DesiredCapabilities.operaBlink()`
10:54:14.096 INFO - Using `new SafariOptions()` is preferred to `DesiredCapabilities.safari()`
10:54:14.104 INFO - Using the passthrough mode handler
2018-02-11 10:54:14.130:INFO:osjs.Server:main: jetty-9.4.7.v20170914
2018-02-11 10:54:14.148:WARN:osjs.SecurityHandler:main: ServletContext@o.s.j.s.ServletContextHandler@52f759d7{/,null,STARTING} has uncovered http methods for path: /
2018-02-11 10:54:14.153:INFO:osjsh.ContextHandler:main: Started o.s.j.s.ServletContextHandler@52f759d7{/,null,AVAILABLE}
2018-02-11 10:54:14.182:INFO:osjs.AbstractConnector:main: Started ServerConnector@5c072e3f{HTTP/1.1,[http/1.1]}{0.0.0.0:4444}
2018-02-11 10:54:14.182:INFO:osjs.Server:main: Started @489ms
10:54:14.182 INFO - Selenium Server is up and running
2018-02-11 10:54:14.326:INFO:osjshC.ROOT:qtp2101842856-13: org.openqa.selenium.remote.server.WebDriverServlet-5a1c0542: Initialising WebDriverServlet
10:54:14.363 INFO - Found handler: org.openqa.selenium.remote.server.commandhandler.BeginSession@71921fe7
10:54:14.366 INFO - /session: Executing POST on /session (handler: BeginSession)
10:54:14.412 INFO - Capabilities are: Capabilities {acceptSslCerts: true, browserName: chrome, javascriptEnabled: true, name: Home Page Test}
10:54:14.414 INFO - Capabilities {acceptSslCerts: true, browserName: chrome, javascriptEnabled: true, name: Home Page Test} matched class org.openqa.selenium.remote.server.ServicedSession$Factory (provider: org.openqa.selenium.chrome.ChromeDriverService)
Starting ChromeDriver 2.35.528157 (4429ca2590d6988c0745c24c8858745aaaec01ef) on port 28204
Only local connections are allowed.
10:54:15.284 INFO - Detected dialect: OSS
10:54:15.615 INFO - Found handler: org.openqa.selenium.remote.server.ServicedSession@a1c5919
10:54:15.615 INFO - Handler thread for session c7b981e467c86f322bc279ace7ad1905 (chrome): Executing POST on /session/c7b981e467c86f322bc279ace7ad1905/url (handler: ServicedSession)
10:54:15.617 INFO - To upstream: {"url":"http://localhost:8000"}
10:55:05.429 INFO - To downstream: {"sessionId":"c7b981e467c86f322bc279ace7ad1905","status":0,"value":null}
10:55:05.435 INFO - Found handler: org.openqa.selenium.remote.server.ServicedSession@a1c5919
10:55:05.436 INFO - Handler thread for session c7b981e467c86f322bc279ace7ad1905 (chrome): Executing POST on /session/c7b981e467c86f322bc279ace7ad1905/elements (handler: ServicedSession)
10:55:05.440 INFO - To upstream: {"using":"css selector","value":"body"}
10:55:05.490 INFO - To downstream: {"sessionId":"c7b981e467c86f322bc279ace7ad1905","status":0,"value":[{"ELEMENT":"0.7318126348001117-1"}]}
10:55:05.494 INFO - Found handler: org.openqa.selenium.remote.server.ServicedSession@a1c5919
10:55:05.494 INFO - Handler thread for session c7b981e467c86f322bc279ace7ad1905 (chrome): Executing GET on /session/c7b981e467c86f322bc279ace7ad1905/element/0.7318126348001117-1/displayed (handler: ServicedSession)
10:55:05.509 INFO - To downstream: {"sessionId":"c7b981e467c86f322bc279ace7ad1905","status":0,"value":true}
10:55:05.514 INFO - Found handler: org.openqa.selenium.remote.server.ServicedSession@a1c5919
10:55:05.514 INFO - Handler thread for session c7b981e467c86f322bc279ace7ad1905 (chrome): Executing POST on /session/c7b981e467c86f322bc279ace7ad1905/element (handler: ServicedSession)
10:55:05.515 INFO - To upstream: {"using":"css selector","value":"h1"}
10:55:05.531 INFO - To downstream: {"sessionId":"c7b981e467c86f322bc279ace7ad1905","status":0,"value":{"ELEMENT":"0.7318126348001117-2"}}
10:55:05.534 INFO - Found handler: org.openqa.selenium.remote.server.ServicedSession@a1c5919
10:55:05.536 INFO - Handler thread for session c7b981e467c86f322bc279ace7ad1905 (chrome): Executing GET on /session/c7b981e467c86f322bc279ace7ad1905/element/0.7318126348001117-2/displayed (handler: ServicedSession)
10:55:05.550 INFO - To downstream: {"sessionId":"c7b981e467c86f322bc279ace7ad1905","status":0,"value":true}
10:55:05.553 INFO - Found handler: org.openqa.selenium.remote.server.ServicedSession@a1c5919
10:55:05.553 INFO - Handler thread for session c7b981e467c86f322bc279ace7ad1905 (chrome): Executing POST on /session/c7b981e467c86f322bc279ace7ad1905/element (handler: ServicedSession)
10:55:05.554 INFO - To upstream: {"using":"css selector","value":"h1"}
10:55:05.559 INFO - To downstream: {"sessionId":"c7b981e467c86f322bc279ace7ad1905","status":0,"value":{"ELEMENT":"0.7318126348001117-2"}}
10:55:05.562 INFO - Found handler: org.openqa.selenium.remote.server.ServicedSession@a1c5919
10:55:05.562 INFO - Handler thread for session c7b981e467c86f322bc279ace7ad1905 (chrome): Executing GET on /session/c7b981e467c86f322bc279ace7ad1905/element/0.7318126348001117-2/text (handler: ServicedSession)
10:55:05.578 INFO - To downstream: {"sessionId":"c7b981e467c86f322bc279ace7ad1905","status":0,"value":"Awesome Recipes Just For You"}
10:55:05.581 INFO - Found handler: org.openqa.selenium.remote.server.ServicedSession@a1c5919
10:55:05.581 INFO - Handler thread for session c7b981e467c86f322bc279ace7ad1905 (chrome): Executing POST on /session/c7b981e467c86f322bc279ace7ad1905/element (handler: ServicedSession)
10:55:05.582 INFO - To upstream: {"using":"css selector","value":"form"}
10:55:05.595 INFO - To downstream: {"sessionId":"c7b981e467c86f322bc279ace7ad1905","status":0,"value":{"ELEMENT":"0.7318126348001117-3"}}
10:55:05.597 INFO - Found handler: org.openqa.selenium.remote.server.ServicedSession@a1c5919
10:55:05.597 INFO - Handler thread for session c7b981e467c86f322bc279ace7ad1905 (chrome): Executing GET on /session/c7b981e467c86f322bc279ace7ad1905/element/0.7318126348001117-3/displayed (handler: ServicedSession)
10:55:05.610 INFO - To downstream: {"sessionId":"c7b981e467c86f322bc279ace7ad1905","status":0,"value":true}
10:55:05.613 INFO - Found handler: org.openqa.selenium.remote.server.ServicedSession@a1c5919
10:55:05.613 INFO - Handler thread for session c7b981e467c86f322bc279ace7ad1905 (chrome): Executing POST on /session/c7b981e467c86f322bc279ace7ad1905/element (handler: ServicedSession)
10:55:05.614 INFO - To upstream: {"using":"css selector","value":"input[type=text]"}
10:55:05.627 INFO - To downstream: {"sessionId":"c7b981e467c86f322bc279ace7ad1905","status":0,"value":{"ELEMENT":"0.7318126348001117-4"}}
10:55:05.629 INFO - Found handler: org.openqa.selenium.remote.server.ServicedSession@a1c5919
10:55:05.629 INFO - Handler thread for session c7b981e467c86f322bc279ace7ad1905 (chrome): Executing GET on /session/c7b981e467c86f322bc279ace7ad1905/element/0.7318126348001117-4/displayed (handler: ServicedSession)
10:55:05.643 INFO - To downstream: {"sessionId":"c7b981e467c86f322bc279ace7ad1905","status":0,"value":true}
10:55:05.645 INFO - Found handler: org.openqa.selenium.remote.server.ServicedSession@a1c5919
10:55:05.645 INFO - Handler thread for session c7b981e467c86f322bc279ace7ad1905 (chrome): Executing POST on /session/c7b981e467c86f322bc279ace7ad1905/element (handler: ServicedSession)
10:55:05.646 INFO - To upstream: {"using":"css selector","value":"input[type=text]"}
10:55:05.651 INFO - To downstream: {"sessionId":"c7b981e467c86f322bc279ace7ad1905","status":0,"value":{"ELEMENT":"0.7318126348001117-4"}}
10:55:05.654 INFO - Found handler: org.openqa.selenium.remote.server.ServicedSession@a1c5919
10:55:05.654 INFO - Handler thread for session c7b981e467c86f322bc279ace7ad1905 (chrome): Executing POST on /session/c7b981e467c86f322bc279ace7ad1905/element/0.7318126348001117-4/value (handler: ServicedSession)
10:55:05.655 INFO - To upstream: {"value":["r","i","c","e"]}
10:55:05.706 INFO - To downstream: {"sessionId":"c7b981e467c86f322bc279ace7ad1905","status":13,"value":{"message":"unknown error: cannot focus element\n  (Session info: chrome=62.0.3202.94)\n  (Driver info: chromedriver=2.35.528157 (4429ca2590d6988c0745c24c8858745aaaec01ef),platform=Mac OS X 10.13.2 x86_64)"}}
10:55:05.710 INFO - Found handler: org.openqa.selenium.remote.server.ServicedSession@a1c5919
10:55:05.710 INFO - Handler thread for session c7b981e467c86f322bc279ace7ad1905 (chrome): Executing POST on /session/c7b981e467c86f322bc279ace7ad1905/element (handler: ServicedSession)
10:55:05.712 INFO - To upstream: {"using":"css selector","value":"input[type=text]"}
10:55:05.717 INFO - To downstream: {"sessionId":"c7b981e467c86f322bc279ace7ad1905","status":0,"value":{"ELEMENT":"0.7318126348001117-5"}}
10:55:05.719 INFO - Found handler: org.openqa.selenium.remote.server.ServicedSession@a1c5919
10:55:05.719 INFO - Handler thread for session c7b981e467c86f322bc279ace7ad1905 (chrome): Executing POST on /session/c7b981e467c86f322bc279ace7ad1905/element/0.7318126348001117-5/click (handler: ServicedSession)
10:55:05.720 INFO - To upstream: 
10:55:05.765 INFO - To downstream: {"sessionId":"c7b981e467c86f322bc279ace7ad1905","status":0,"value":null}
10:55:06.775 INFO - Found handler: org.openqa.selenium.remote.server.ServicedSession@a1c5919
10:55:06.775 INFO - Handler thread for session c7b981e467c86f322bc279ace7ad1905 (chrome): Executing GET on /session/c7b981e467c86f322bc279ace7ad1905/url (handler: ServicedSession)
10:55:06.780 INFO - To downstream: {"sessionId":"c7b981e467c86f322bc279ace7ad1905","status":0,"value":"http://localhost:8000/search"}
10:55:06.784 INFO - Found handler: org.openqa.selenium.remote.server.ServicedSession@a1c5919
10:55:06.784 INFO - Handler thread for session c7b981e467c86f322bc279ace7ad1905 (chrome): Executing POST on /session/c7b981e467c86f322bc279ace7ad1905/element (handler: ServicedSession)
10:55:06.785 INFO - To upstream: {"using":"css selector","value":"#search-header"}
10:55:06.799 INFO - To downstream: {"sessionId":"c7b981e467c86f322bc279ace7ad1905","status":0,"value":{"ELEMENT":"0.7318126348001117-6"}}
10:55:06.801 INFO - Found handler: org.openqa.selenium.remote.server.ServicedSession@a1c5919
10:55:06.801 INFO - Handler thread for session c7b981e467c86f322bc279ace7ad1905 (chrome): Executing GET on /session/c7b981e467c86f322bc279ace7ad1905/element/0.7318126348001117-6/text (handler: ServicedSession)
10:55:06.817 INFO - To downstream: {"sessionId":"c7b981e467c86f322bc279ace7ad1905","status":0,"value":"Search for your favorite recipes"}
10:55:06.819 INFO - Found handler: org.openqa.selenium.remote.server.ServicedSession@a1c5919
10:55:06.820 INFO - Handler thread for session c7b981e467c86f322bc279ace7ad1905 (chrome): Executing POST on /session/c7b981e467c86f322bc279ace7ad1905/element (handler: ServicedSession)
10:55:06.821 INFO - To upstream: {"using":"css selector","value":".pagination"}
10:55:06.834 INFO - To downstream: {"sessionId":"c7b981e467c86f322bc279ace7ad1905","status":0,"value":{"ELEMENT":"0.7318126348001117-7"}}
10:55:06.836 INFO - Found handler: org.openqa.selenium.remote.server.ServicedSession@a1c5919
10:55:06.836 INFO - Handler thread for session c7b981e467c86f322bc279ace7ad1905 (chrome): Executing GET on /session/c7b981e467c86f322bc279ace7ad1905/element/0.7318126348001117-7/displayed (handler: ServicedSession)
10:55:06.849 INFO - To downstream: {"sessionId":"c7b981e467c86f322bc279ace7ad1905","status":0,"value":true}
10:55:06.852 INFO - Found handler: org.openqa.selenium.remote.server.ServicedSession@a1c5919
10:55:06.852 INFO - Handler thread for session c7b981e467c86f322bc279ace7ad1905 (chrome): Executing DELETE on /session/c7b981e467c86f322bc279ace7ad1905 (handler: ServicedSession)
10:55:06.904 INFO - To downstream: {"sessionId":"c7b981e467c86f322bc279ace7ad1905","status":0,"value":null}
10:55:06.906 INFO - Removing session org.openqa.selenium.remote.server.ServicedSession@a1c5919
10:55:06.926 INFO - Found handler: org.openqa.selenium.remote.server.commandhandler.BeginSession@2de55d6
10:55:06.925 INFO - To downstream: {"sessionId":"","status":0,"value":null}
10:55:06.927 INFO - /session: Executing POST on /session (handler: BeginSession)
10:55:06.936 INFO - Capabilities are: Capabilities {acceptSslCerts: true, browserName: chrome, javascriptEnabled: true, name: User Features Test}
10:55:06.937 INFO - Capabilities {acceptSslCerts: true, browserName: chrome, javascriptEnabled: true, name: User Features Test} matched class org.openqa.selenium.remote.server.ServicedSession$Factory (provider: org.openqa.selenium.chrome.ChromeDriverService)
Starting ChromeDriver 2.35.528157 (4429ca2590d6988c0745c24c8858745aaaec01ef) on port 46810
Only local connections are allowed.
10:55:07.502 INFO - Detected dialect: OSS
10:55:07.552 INFO - Found handler: org.openqa.selenium.remote.server.ServicedSession@3b06e799
10:55:07.552 INFO - Handler thread for session 64db01f71e2e5360cebb7f8a425d1164 (chrome): Executing POST on /session/64db01f71e2e5360cebb7f8a425d1164/url (handler: ServicedSession)
10:55:07.553 INFO - To upstream: {"url":"http://localhost:8000"}
10:55:45.698 INFO - To downstream: {"sessionId":"64db01f71e2e5360cebb7f8a425d1164","status":0,"value":null}
10:55:45.702 INFO - Found handler: org.openqa.selenium.remote.server.ServicedSession@3b06e799
10:55:45.702 INFO - Handler thread for session 64db01f71e2e5360cebb7f8a425d1164 (chrome): Executing POST on /session/64db01f71e2e5360cebb7f8a425d1164/elements (handler: ServicedSession)
10:55:45.704 INFO - To upstream: {"using":"css selector","value":"body"}
10:55:45.724 INFO - To downstream: {"sessionId":"64db01f71e2e5360cebb7f8a425d1164","status":0,"value":[{"ELEMENT":"0.43129015525654424-1"}]}
10:55:45.726 INFO - Found handler: org.openqa.selenium.remote.server.ServicedSession@3b06e799
10:55:45.727 INFO - Handler thread for session 64db01f71e2e5360cebb7f8a425d1164 (chrome): Executing GET on /session/64db01f71e2e5360cebb7f8a425d1164/element/0.43129015525654424-1/displayed (handler: ServicedSession)
10:55:45.742 INFO - To downstream: {"sessionId":"64db01f71e2e5360cebb7f8a425d1164","status":0,"value":true}
10:55:45.748 INFO - Found handler: org.openqa.selenium.remote.server.ServicedSession@3b06e799
10:55:45.748 INFO - Handler thread for session 64db01f71e2e5360cebb7f8a425d1164 (chrome): Executing POST on /session/64db01f71e2e5360cebb7f8a425d1164/element (handler: ServicedSession)
10:55:45.749 INFO - To upstream: {"using":"css selector","value":"#hero-title"}
10:55:45.778 INFO - To downstream: {"sessionId":"64db01f71e2e5360cebb7f8a425d1164","status":0,"value":{"ELEMENT":"0.43129015525654424-2"}}
10:55:45.780 INFO - Found handler: org.openqa.selenium.remote.server.ServicedSession@3b06e799
10:55:45.781 INFO - Handler thread for session 64db01f71e2e5360cebb7f8a425d1164 (chrome): Executing GET on /session/64db01f71e2e5360cebb7f8a425d1164/element/0.43129015525654424-2/displayed (handler: ServicedSession)
10:55:45.795 INFO - To downstream: {"sessionId":"64db01f71e2e5360cebb7f8a425d1164","status":0,"value":true}
10:55:45.798 INFO - Found handler: org.openqa.selenium.remote.server.ServicedSession@3b06e799
10:55:45.798 INFO - Handler thread for session 64db01f71e2e5360cebb7f8a425d1164 (chrome): Executing POST on /session/64db01f71e2e5360cebb7f8a425d1164/element (handler: ServicedSession)
10:55:45.799 INFO - To upstream: {"using":"css selector","value":"#hero-title"}
10:55:45.804 INFO - To downstream: {"sessionId":"64db01f71e2e5360cebb7f8a425d1164","status":0,"value":{"ELEMENT":"0.43129015525654424-2"}}
10:55:45.806 INFO - Found handler: org.openqa.selenium.remote.server.ServicedSession@3b06e799
10:55:45.807 INFO - Handler thread for session 64db01f71e2e5360cebb7f8a425d1164 (chrome): Executing GET on /session/64db01f71e2e5360cebb7f8a425d1164/element/0.43129015525654424-2/text (handler: ServicedSession)
10:55:45.822 INFO - To downstream: {"sessionId":"64db01f71e2e5360cebb7f8a425d1164","status":0,"value":"Awesome Recipes Just For You"}
10:55:45.824 INFO - Found handler: org.openqa.selenium.remote.server.ServicedSession@3b06e799
10:55:45.824 INFO - Handler thread for session 64db01f71e2e5360cebb7f8a425d1164 (chrome): Executing POST on /session/64db01f71e2e5360cebb7f8a425d1164/element (handler: ServicedSession)
10:55:45.825 INFO - To upstream: {"using":"css selector","value":"#searchQuery"}
10:55:45.838 INFO - To downstream: {"sessionId":"64db01f71e2e5360cebb7f8a425d1164","status":0,"value":{"ELEMENT":"0.43129015525654424-3"}}
10:55:45.839 INFO - Found handler: org.openqa.selenium.remote.server.ServicedSession@3b06e799
10:55:45.840 INFO - Handler thread for session 64db01f71e2e5360cebb7f8a425d1164 (chrome): Executing GET on /session/64db01f71e2e5360cebb7f8a425d1164/element/0.43129015525654424-3/displayed (handler: ServicedSession)
10:55:45.852 INFO - To downstream: {"sessionId":"64db01f71e2e5360cebb7f8a425d1164","status":0,"value":true}
10:55:45.855 INFO - Found handler: org.openqa.selenium.remote.server.ServicedSession@3b06e799
10:55:45.855 INFO - Handler thread for session 64db01f71e2e5360cebb7f8a425d1164 (chrome): Executing POST on /session/64db01f71e2e5360cebb7f8a425d1164/element (handler: ServicedSession)
10:55:45.856 INFO - To upstream: {"using":"css selector","value":"#recent"}
10:55:45.870 INFO - To downstream: {"sessionId":"64db01f71e2e5360cebb7f8a425d1164","status":0,"value":{"ELEMENT":"0.43129015525654424-4"}}
10:55:45.872 INFO - Found handler: org.openqa.selenium.remote.server.ServicedSession@3b06e799
10:55:45.872 INFO - Handler thread for session 64db01f71e2e5360cebb7f8a425d1164 (chrome): Executing GET on /session/64db01f71e2e5360cebb7f8a425d1164/element/0.43129015525654424-4/displayed (handler: ServicedSession)
10:55:45.889 INFO - To downstream: {"sessionId":"64db01f71e2e5360cebb7f8a425d1164","status":0,"value":true}
10:55:45.892 INFO - Found handler: org.openqa.selenium.remote.server.ServicedSession@3b06e799
10:55:45.892 INFO - Handler thread for session 64db01f71e2e5360cebb7f8a425d1164 (chrome): Executing POST on /session/64db01f71e2e5360cebb7f8a425d1164/element (handler: ServicedSession)
10:55:45.893 INFO - To upstream: {"using":"css selector","value":"#recent"}
10:55:45.900 INFO - To downstream: {"sessionId":"64db01f71e2e5360cebb7f8a425d1164","status":0,"value":{"ELEMENT":"0.43129015525654424-4"}}
10:55:45.902 INFO - Found handler: org.openqa.selenium.remote.server.ServicedSession@3b06e799
10:55:45.902 INFO - Handler thread for session 64db01f71e2e5360cebb7f8a425d1164 (chrome): Executing GET on /session/64db01f71e2e5360cebb7f8a425d1164/element/0.43129015525654424-4/text (handler: ServicedSession)
10:55:45.923 INFO - To downstream: {"sessionId":"64db01f71e2e5360cebb7f8a425d1164","status":0,"value":"Most recent recipes"}
10:55:45.926 INFO - Found handler: org.openqa.selenium.remote.server.ServicedSession@3b06e799
10:55:45.926 INFO - Handler thread for session 64db01f71e2e5360cebb7f8a425d1164 (chrome): Executing POST on /session/64db01f71e2e5360cebb7f8a425d1164/element (handler: ServicedSession)
10:55:45.927 INFO - To upstream: {"using":"css selector","value":"#signup"}
10:55:45.946 INFO - To downstream: {"sessionId":"64db01f71e2e5360cebb7f8a425d1164","status":0,"value":{"ELEMENT":"0.43129015525654424-5"}}
10:55:45.948 INFO - Found handler: org.openqa.selenium.remote.server.ServicedSession@3b06e799
10:55:45.948 INFO - Handler thread for session 64db01f71e2e5360cebb7f8a425d1164 (chrome): Executing POST on /session/64db01f71e2e5360cebb7f8a425d1164/element/0.43129015525654424-5/click (handler: ServicedSession)
10:55:45.948 INFO - To upstream: 
10:55:46.007 INFO - To downstream: {"sessionId":"64db01f71e2e5360cebb7f8a425d1164","status":0,"value":null}
10:55:46.516 INFO - Found handler: org.openqa.selenium.remote.server.ServicedSession@3b06e799
10:55:46.516 INFO - Handler thread for session 64db01f71e2e5360cebb7f8a425d1164 (chrome): Executing GET on /session/64db01f71e2e5360cebb7f8a425d1164/url (handler: ServicedSession)
10:55:46.521 INFO - To downstream: {"sessionId":"64db01f71e2e5360cebb7f8a425d1164","status":0,"value":"http://localhost:8000/signup"}
10:55:47.027 INFO - Found handler: org.openqa.selenium.remote.server.ServicedSession@3b06e799
10:55:47.027 INFO - Handler thread for session 64db01f71e2e5360cebb7f8a425d1164 (chrome): Executing POST on /session/64db01f71e2e5360cebb7f8a425d1164/element (handler: ServicedSession)
10:55:47.029 INFO - To upstream: {"using":"css selector","value":"form"}
10:55:47.044 INFO - To downstream: {"sessionId":"64db01f71e2e5360cebb7f8a425d1164","status":0,"value":{"ELEMENT":"0.43129015525654424-6"}}
10:55:47.046 INFO - Found handler: org.openqa.selenium.remote.server.ServicedSession@3b06e799
10:55:47.047 INFO - Handler thread for session 64db01f71e2e5360cebb7f8a425d1164 (chrome): Executing GET on /session/64db01f71e2e5360cebb7f8a425d1164/element/0.43129015525654424-6/displayed (handler: ServicedSession)
10:55:47.059 INFO - To downstream: {"sessionId":"64db01f71e2e5360cebb7f8a425d1164","status":0,"value":true}
10:55:47.063 INFO - Found handler: org.openqa.selenium.remote.server.ServicedSession@3b06e799
10:55:47.063 INFO - Handler thread for session 64db01f71e2e5360cebb7f8a425d1164 (chrome): Executing POST on /session/64db01f71e2e5360cebb7f8a425d1164/element (handler: ServicedSession)
10:55:47.064 INFO - To upstream: {"using":"css selector","value":"#firstName"}
10:55:47.079 INFO - To downstream: {"sessionId":"64db01f71e2e5360cebb7f8a425d1164","status":0,"value":{"ELEMENT":"0.43129015525654424-7"}}
10:55:47.081 INFO - Found handler: org.openqa.selenium.remote.server.ServicedSession@3b06e799
10:55:47.081 INFO - Handler thread for session 64db01f71e2e5360cebb7f8a425d1164 (chrome): Executing GET on /session/64db01f71e2e5360cebb7f8a425d1164/element/0.43129015525654424-7/displayed (handler: ServicedSession)
10:55:47.094 INFO - To downstream: {"sessionId":"64db01f71e2e5360cebb7f8a425d1164","status":0,"value":true}
10:55:47.097 INFO - Found handler: org.openqa.selenium.remote.server.ServicedSession@3b06e799
10:55:47.097 INFO - Handler thread for session 64db01f71e2e5360cebb7f8a425d1164 (chrome): Executing POST on /session/64db01f71e2e5360cebb7f8a425d1164/element (handler: ServicedSession)
10:55:47.098 INFO - To upstream: {"using":"css selector","value":"#lastName"}
10:55:47.111 INFO - To downstream: {"sessionId":"64db01f71e2e5360cebb7f8a425d1164","status":0,"value":{"ELEMENT":"0.43129015525654424-8"}}
10:55:47.113 INFO - Found handler: org.openqa.selenium.remote.server.ServicedSession@3b06e799
10:55:47.113 INFO - Handler thread for session 64db01f71e2e5360cebb7f8a425d1164 (chrome): Executing GET on /session/64db01f71e2e5360cebb7f8a425d1164/element/0.43129015525654424-8/displayed (handler: ServicedSession)
10:55:47.126 INFO - To downstream: {"sessionId":"64db01f71e2e5360cebb7f8a425d1164","status":0,"value":true}
10:55:47.129 INFO - Found handler: org.openqa.selenium.remote.server.ServicedSession@3b06e799
10:55:47.129 INFO - Handler thread for session 64db01f71e2e5360cebb7f8a425d1164 (chrome): Executing POST on /session/64db01f71e2e5360cebb7f8a425d1164/element (handler: ServicedSession)
10:55:47.130 INFO - To upstream: {"using":"css selector","value":"#emailAddress"}
10:55:47.143 INFO - To downstream: {"sessionId":"64db01f71e2e5360cebb7f8a425d1164","status":0,"value":{"ELEMENT":"0.43129015525654424-9"}}
10:55:47.145 INFO - Found handler: org.openqa.selenium.remote.server.ServicedSession@3b06e799
10:55:47.145 INFO - Handler thread for session 64db01f71e2e5360cebb7f8a425d1164 (chrome): Executing GET on /session/64db01f71e2e5360cebb7f8a425d1164/element/0.43129015525654424-9/displayed (handler: ServicedSession)
10:55:47.158 INFO - To downstream: {"sessionId":"64db01f71e2e5360cebb7f8a425d1164","status":0,"value":true}
10:55:47.161 INFO - Found handler: org.openqa.selenium.remote.server.ServicedSession@3b06e799
10:55:47.161 INFO - Handler thread for session 64db01f71e2e5360cebb7f8a425d1164 (chrome): Executing POST on /session/64db01f71e2e5360cebb7f8a425d1164/element (handler: ServicedSession)
10:55:47.162 INFO - To upstream: {"using":"css selector","value":"#password"}
10:55:47.175 INFO - To downstream: {"sessionId":"64db01f71e2e5360cebb7f8a425d1164","status":0,"value":{"ELEMENT":"0.43129015525654424-10"}}
10:55:47.177 INFO - Found handler: org.openqa.selenium.remote.server.ServicedSession@3b06e799
10:55:47.177 INFO - Handler thread for session 64db01f71e2e5360cebb7f8a425d1164 (chrome): Executing GET on /session/64db01f71e2e5360cebb7f8a425d1164/element/0.43129015525654424-10/displayed (handler: ServicedSession)
10:55:47.190 INFO - To downstream: {"sessionId":"64db01f71e2e5360cebb7f8a425d1164","status":0,"value":true}
10:55:47.193 INFO - Found handler: org.openqa.selenium.remote.server.ServicedSession@3b06e799
10:55:47.193 INFO - Handler thread for session 64db01f71e2e5360cebb7f8a425d1164 (chrome): Executing POST on /session/64db01f71e2e5360cebb7f8a425d1164/element (handler: ServicedSession)
10:55:47.194 INFO - To upstream: {"using":"css selector","value":"#passwordConfirmation"}
10:55:47.210 INFO - To downstream: {"sessionId":"64db01f71e2e5360cebb7f8a425d1164","status":0,"value":{"ELEMENT":"0.43129015525654424-11"}}
10:55:47.214 INFO - Found handler: org.openqa.selenium.remote.server.ServicedSession@3b06e799
10:55:47.214 INFO - Handler thread for session 64db01f71e2e5360cebb7f8a425d1164 (chrome): Executing GET on /session/64db01f71e2e5360cebb7f8a425d1164/element/0.43129015525654424-11/displayed (handler: ServicedSession)
10:55:47.227 INFO - To downstream: {"sessionId":"64db01f71e2e5360cebb7f8a425d1164","status":0,"value":true}
10:55:47.230 INFO - Found handler: org.openqa.selenium.remote.server.ServicedSession@3b06e799
10:55:47.230 INFO - Handler thread for session 64db01f71e2e5360cebb7f8a425d1164 (chrome): Executing POST on /session/64db01f71e2e5360cebb7f8a425d1164/element (handler: ServicedSession)
10:55:47.231 INFO - To upstream: {"using":"css selector","value":"#signup-submit"}
10:55:47.244 INFO - To downstream: {"sessionId":"64db01f71e2e5360cebb7f8a425d1164","status":0,"value":{"ELEMENT":"0.43129015525654424-12"}}
10:55:47.247 INFO - Found handler: org.openqa.selenium.remote.server.ServicedSession@3b06e799
10:55:47.247 INFO - Handler thread for session 64db01f71e2e5360cebb7f8a425d1164 (chrome): Executing GET on /session/64db01f71e2e5360cebb7f8a425d1164/element/0.43129015525654424-12/displayed (handler: ServicedSession)
10:55:47.260 INFO - To downstream: {"sessionId":"64db01f71e2e5360cebb7f8a425d1164","status":0,"value":true}
10:55:47.262 INFO - Found handler: org.openqa.selenium.remote.server.ServicedSession@3b06e799
10:55:47.262 INFO - Handler thread for session 64db01f71e2e5360cebb7f8a425d1164 (chrome): Executing POST on /session/64db01f71e2e5360cebb7f8a425d1164/element (handler: ServicedSession)
10:55:47.263 INFO - To upstream: {"using":"css selector","value":"#login"}
10:55:47.276 INFO - To downstream: {"sessionId":"64db01f71e2e5360cebb7f8a425d1164","status":0,"value":{"ELEMENT":"0.43129015525654424-13"}}
10:55:47.278 INFO - Found handler: org.openqa.selenium.remote.server.ServicedSession@3b06e799
10:55:47.279 INFO - Handler thread for session 64db01f71e2e5360cebb7f8a425d1164 (chrome): Executing GET on /session/64db01f71e2e5360cebb7f8a425d1164/element/0.43129015525654424-13/displayed (handler: ServicedSession)
10:55:47.292 INFO - To downstream: {"sessionId":"64db01f71e2e5360cebb7f8a425d1164","status":0,"value":true}
10:55:47.294 INFO - Found handler: org.openqa.selenium.remote.server.ServicedSession@3b06e799
10:55:47.294 INFO - Handler thread for session 64db01f71e2e5360cebb7f8a425d1164 (chrome): Executing POST on /session/64db01f71e2e5360cebb7f8a425d1164/element (handler: ServicedSession)
10:55:47.295 INFO - To upstream: {"using":"css selector","value":"input[name=firstName]"}
10:55:47.308 INFO - To downstream: {"sessionId":"64db01f71e2e5360cebb7f8a425d1164","status":0,"value":{"ELEMENT":"0.43129015525654424-7"}}
10:55:47.310 INFO - Found handler: org.openqa.selenium.remote.server.ServicedSession@3b06e799
10:55:47.310 INFO - Handler thread for session 64db01f71e2e5360cebb7f8a425d1164 (chrome): Executing POST on /session/64db01f71e2e5360cebb7f8a425d1164/element/0.43129015525654424-7/value (handler: ServicedSession)
10:55:47.311 INFO - To upstream: {"value":["j","o","h","n"]}
10:55:47.390 INFO - To downstream: {"sessionId":"64db01f71e2e5360cebb7f8a425d1164","status":0,"value":null}
10:55:47.393 INFO - Found handler: org.openqa.selenium.remote.server.ServicedSession@3b06e799
10:55:47.393 INFO - Handler thread for session 64db01f71e2e5360cebb7f8a425d1164 (chrome): Executing POST on /session/64db01f71e2e5360cebb7f8a425d1164/element (handler: ServicedSession)
10:55:47.394 INFO - To upstream: {"using":"css selector","value":"input[name=lastName]"}
10:55:47.408 INFO - To downstream: {"sessionId":"64db01f71e2e5360cebb7f8a425d1164","status":0,"value":{"ELEMENT":"0.43129015525654424-8"}}
10:55:47.411 INFO - Found handler: org.openqa.selenium.remote.server.ServicedSession@3b06e799
10:55:47.411 INFO - Handler thread for session 64db01f71e2e5360cebb7f8a425d1164 (chrome): Executing POST on /session/64db01f71e2e5360cebb7f8a425d1164/element/0.43129015525654424-8/value (handler: ServicedSession)
10:55:47.412 INFO - To upstream: {"value":["d","o","e"]}
10:55:47.455 INFO - To downstream: {"sessionId":"64db01f71e2e5360cebb7f8a425d1164","status":0,"value":null}
10:55:47.457 INFO - Found handler: org.openqa.selenium.remote.server.ServicedSession@3b06e799
10:55:47.457 INFO - Handler thread for session 64db01f71e2e5360cebb7f8a425d1164 (chrome): Executing POST on /session/64db01f71e2e5360cebb7f8a425d1164/element (handler: ServicedSession)
10:55:47.458 INFO - To upstream: {"using":"css selector","value":"input[name=emailAddress]"}
10:55:47.473 INFO - To downstream: {"sessionId":"64db01f71e2e5360cebb7f8a425d1164","status":0,"value":{"ELEMENT":"0.43129015525654424-9"}}
10:55:47.475 INFO - Found handler: org.openqa.selenium.remote.server.ServicedSession@3b06e799
10:55:47.475 INFO - Handler thread for session 64db01f71e2e5360cebb7f8a425d1164 (chrome): Executing POST on /session/64db01f71e2e5360cebb7f8a425d1164/element/0.43129015525654424-9/value (handler: ServicedSession)
10:55:47.476 INFO - To upstream: {"value":["j","o","h","n","@","g","m","a","i","l",".","c","o","m"]}
10:55:47.573 INFO - To downstream: {"sessionId":"64db01f71e2e5360cebb7f8a425d1164","status":0,"value":null}
10:55:47.575 INFO - Found handler: org.openqa.selenium.remote.server.ServicedSession@3b06e799
10:55:47.575 INFO - Handler thread for session 64db01f71e2e5360cebb7f8a425d1164 (chrome): Executing POST on /session/64db01f71e2e5360cebb7f8a425d1164/element (handler: ServicedSession)
10:55:47.576 INFO - To upstream: {"using":"css selector","value":"input[name=password]"}
10:55:47.589 INFO - To downstream: {"sessionId":"64db01f71e2e5360cebb7f8a425d1164","status":0,"value":{"ELEMENT":"0.43129015525654424-10"}}
10:55:47.592 INFO - Found handler: org.openqa.selenium.remote.server.ServicedSession@3b06e799
10:55:47.592 INFO - Handler thread for session 64db01f71e2e5360cebb7f8a425d1164 (chrome): Executing POST on /session/64db01f71e2e5360cebb7f8a425d1164/element/0.43129015525654424-10/value (handler: ServicedSession)
10:55:47.593 INFO - To upstream: {"value":["p","a","s","s","w","o","r","d"]}
10:55:47.657 INFO - To downstream: {"sessionId":"64db01f71e2e5360cebb7f8a425d1164","status":0,"value":null}
10:55:47.659 INFO - Found handler: org.openqa.selenium.remote.server.ServicedSession@3b06e799
10:55:47.660 INFO - Handler thread for session 64db01f71e2e5360cebb7f8a425d1164 (chrome): Executing POST on /session/64db01f71e2e5360cebb7f8a425d1164/element (handler: ServicedSession)
10:55:47.662 INFO - To upstream: {"using":"css selector","value":"input[name=passwordConfirmation]"}
10:55:47.675 INFO - To downstream: {"sessionId":"64db01f71e2e5360cebb7f8a425d1164","status":0,"value":{"ELEMENT":"0.43129015525654424-11"}}
10:55:47.678 INFO - Found handler: org.openqa.selenium.remote.server.ServicedSession@3b06e799
10:55:47.679 INFO - Handler thread for session 64db01f71e2e5360cebb7f8a425d1164 (chrome): Executing POST on /session/64db01f71e2e5360cebb7f8a425d1164/element/0.43129015525654424-11/value (handler: ServicedSession)
10:55:47.679 INFO - To upstream: {"value":["p","a","s","s","w","o","r","d"]}
10:55:47.742 INFO - To downstream: {"sessionId":"64db01f71e2e5360cebb7f8a425d1164","status":0,"value":null}
10:55:47.745 INFO - Found handler: org.openqa.selenium.remote.server.ServicedSession@3b06e799
10:55:47.746 INFO - Handler thread for session 64db01f71e2e5360cebb7f8a425d1164 (chrome): Executing POST on /session/64db01f71e2e5360cebb7f8a425d1164/element (handler: ServicedSession)
10:55:47.747 INFO - To upstream: {"using":"css selector","value":"#signup-submit"}
10:55:47.754 INFO - To downstream: {"sessionId":"64db01f71e2e5360cebb7f8a425d1164","status":0,"value":{"ELEMENT":"0.43129015525654424-12"}}
10:55:47.756 INFO - Found handler: org.openqa.selenium.remote.server.ServicedSession@3b06e799
10:55:47.756 INFO - Handler thread for session 64db01f71e2e5360cebb7f8a425d1164 (chrome): Executing POST on /session/64db01f71e2e5360cebb7f8a425d1164/element/0.43129015525654424-12/click (handler: ServicedSession)
10:55:47.757 INFO - To upstream: 
10:55:47.808 INFO - To downstream: {"sessionId":"64db01f71e2e5360cebb7f8a425d1164","status":0,"value":null}
10:55:48.314 INFO - Found handler: org.openqa.selenium.remote.server.ServicedSession@3b06e799
10:55:48.314 INFO - Handler thread for session 64db01f71e2e5360cebb7f8a425d1164 (chrome): Executing GET on /session/64db01f71e2e5360cebb7f8a425d1164/url (handler: ServicedSession)
10:55:48.319 INFO - To downstream: {"sessionId":"64db01f71e2e5360cebb7f8a425d1164","status":0,"value":"http://localhost:8000/"}
10:55:48.323 INFO - Found handler: org.openqa.selenium.remote.server.ServicedSession@3b06e799
10:55:48.323 INFO - Handler thread for session 64db01f71e2e5360cebb7f8a425d1164 (chrome): Executing POST on /session/64db01f71e2e5360cebb7f8a425d1164/element (handler: ServicedSession)
10:55:48.324 INFO - To upstream: {"using":"css selector","value":".success"}
10:55:48.340 INFO - To downstream: {"sessionId":"64db01f71e2e5360cebb7f8a425d1164","status":0,"value":{"ELEMENT":"0.43129015525654424-14"}}
10:55:48.342 INFO - Found handler: org.openqa.selenium.remote.server.ServicedSession@3b06e799
10:55:48.343 INFO - Handler thread for session 64db01f71e2e5360cebb7f8a425d1164 (chrome): Executing GET on /session/64db01f71e2e5360cebb7f8a425d1164/element/0.43129015525654424-14/displayed (handler: ServicedSession)
10:55:48.356 INFO - To downstream: {"sessionId":"64db01f71e2e5360cebb7f8a425d1164","status":0,"value":true}
10:55:48.359 INFO - Found handler: org.openqa.selenium.remote.server.ServicedSession@3b06e799
10:55:48.360 INFO - Handler thread for session 64db01f71e2e5360cebb7f8a425d1164 (chrome): Executing POST on /session/64db01f71e2e5360cebb7f8a425d1164/element (handler: ServicedSession)
10:55:48.361 INFO - To upstream: {"using":"css selector","value":".success"}
10:55:48.367 INFO - To downstream: {"sessionId":"64db01f71e2e5360cebb7f8a425d1164","status":0,"value":{"ELEMENT":"0.43129015525654424-14"}}
10:55:48.369 INFO - Found handler: org.openqa.selenium.remote.server.ServicedSession@3b06e799
10:55:48.369 INFO - Handler thread for session 64db01f71e2e5360cebb7f8a425d1164 (chrome): Executing GET on /session/64db01f71e2e5360cebb7f8a425d1164/element/0.43129015525654424-14/text (handler: ServicedSession)
10:55:48.386 INFO - To downstream: {"sessionId":"64db01f71e2e5360cebb7f8a425d1164","status":0,"value":"Signup successful"}
10:55:49.398 INFO - Found handler: org.openqa.selenium.remote.server.ServicedSession@3b06e799
10:55:49.398 INFO - Handler thread for session 64db01f71e2e5360cebb7f8a425d1164 (chrome): Executing POST on /session/64db01f71e2e5360cebb7f8a425d1164/url (handler: ServicedSession)
10:55:49.399 INFO - To upstream: {"url":"http://localhost:8000"}
10:56:30.856 INFO - To downstream: {"sessionId":"64db01f71e2e5360cebb7f8a425d1164","status":0,"value":null}
10:56:30.861 INFO - Found handler: org.openqa.selenium.remote.server.ServicedSession@3b06e799
10:56:30.861 INFO - Handler thread for session 64db01f71e2e5360cebb7f8a425d1164 (chrome): Executing POST on /session/64db01f71e2e5360cebb7f8a425d1164/elements (handler: ServicedSession)
10:56:30.864 INFO - To upstream: {"using":"css selector","value":"body"}
10:56:30.881 INFO - To downstream: {"sessionId":"64db01f71e2e5360cebb7f8a425d1164","status":0,"value":[{"ELEMENT":"0.11901231832048609-1"}]}
10:56:30.884 INFO - Found handler: org.openqa.selenium.remote.server.ServicedSession@3b06e799
10:56:30.884 INFO - Handler thread for session 64db01f71e2e5360cebb7f8a425d1164 (chrome): Executing GET on /session/64db01f71e2e5360cebb7f8a425d1164/element/0.11901231832048609-1/displayed (handler: ServicedSession)
10:56:30.896 INFO - To downstream: {"sessionId":"64db01f71e2e5360cebb7f8a425d1164","status":0,"value":true}
10:56:30.898 INFO - Found handler: org.openqa.selenium.remote.server.ServicedSession@3b06e799
10:56:30.899 INFO - Handler thread for session 64db01f71e2e5360cebb7f8a425d1164 (chrome): Executing POST on /session/64db01f71e2e5360cebb7f8a425d1164/element (handler: ServicedSession)
10:56:30.900 INFO - To upstream: {"using":"css selector","value":"#hero-title"}
10:56:30.912 INFO - To downstream: {"sessionId":"64db01f71e2e5360cebb7f8a425d1164","status":0,"value":{"ELEMENT":"0.11901231832048609-2"}}
10:56:30.915 INFO - Found handler: org.openqa.selenium.remote.server.ServicedSession@3b06e799
10:56:30.915 INFO - Handler thread for session 64db01f71e2e5360cebb7f8a425d1164 (chrome): Executing GET on /session/64db01f71e2e5360cebb7f8a425d1164/element/0.11901231832048609-2/displayed (handler: ServicedSession)
10:56:30.928 INFO - To downstream: {"sessionId":"64db01f71e2e5360cebb7f8a425d1164","status":0,"value":true}
10:56:30.931 INFO - Found handler: org.openqa.selenium.remote.server.ServicedSession@3b06e799
10:56:30.931 INFO - Handler thread for session 64db01f71e2e5360cebb7f8a425d1164 (chrome): Executing POST on /session/64db01f71e2e5360cebb7f8a425d1164/element (handler: ServicedSession)
10:56:30.932 INFO - To upstream: {"using":"css selector","value":"#hero-title"}
10:56:30.938 INFO - To downstream: {"sessionId":"64db01f71e2e5360cebb7f8a425d1164","status":0,"value":{"ELEMENT":"0.11901231832048609-2"}}
10:56:30.940 INFO - Found handler: org.openqa.selenium.remote.server.ServicedSession@3b06e799
10:56:30.940 INFO - Handler thread for session 64db01f71e2e5360cebb7f8a425d1164 (chrome): Executing GET on /session/64db01f71e2e5360cebb7f8a425d1164/element/0.11901231832048609-2/text (handler: ServicedSession)
10:56:30.956 INFO - To downstream: {"sessionId":"64db01f71e2e5360cebb7f8a425d1164","status":0,"value":"Awesome Recipes Just For You"}
10:56:30.967 INFO - Found handler: org.openqa.selenium.remote.server.ServicedSession@3b06e799
10:56:30.967 INFO - Handler thread for session 64db01f71e2e5360cebb7f8a425d1164 (chrome): Executing POST on /session/64db01f71e2e5360cebb7f8a425d1164/element (handler: ServicedSession)
10:56:30.968 INFO - To upstream: {"using":"css selector","value":"#searchQuery"}
10:56:30.980 INFO - To downstream: {"sessionId":"64db01f71e2e5360cebb7f8a425d1164","status":0,"value":{"ELEMENT":"0.11901231832048609-3"}}
10:56:30.982 INFO - Found handler: org.openqa.selenium.remote.server.ServicedSession@3b06e799
10:56:30.983 INFO - Handler thread for session 64db01f71e2e5360cebb7f8a425d1164 (chrome): Executing GET on /session/64db01f71e2e5360cebb7f8a425d1164/element/0.11901231832048609-3/displayed (handler: ServicedSession)
10:56:30.995 INFO - To downstream: {"sessionId":"64db01f71e2e5360cebb7f8a425d1164","status":0,"value":true}
10:56:30.998 INFO - Found handler: org.openqa.selenium.remote.server.ServicedSession@3b06e799
10:56:30.998 INFO - Handler thread for session 64db01f71e2e5360cebb7f8a425d1164 (chrome): Executing POST on /session/64db01f71e2e5360cebb7f8a425d1164/element (handler: ServicedSession)
10:56:30.999 INFO - To upstream: {"using":"css selector","value":"#recent"}
10:56:31.011 INFO - To downstream: {"sessionId":"64db01f71e2e5360cebb7f8a425d1164","status":0,"value":{"ELEMENT":"0.11901231832048609-4"}}
10:56:31.013 INFO - Found handler: org.openqa.selenium.remote.server.ServicedSession@3b06e799
10:56:31.014 INFO - Handler thread for session 64db01f71e2e5360cebb7f8a425d1164 (chrome): Executing GET on /session/64db01f71e2e5360cebb7f8a425d1164/element/0.11901231832048609-4/displayed (handler: ServicedSession)
10:56:31.027 INFO - To downstream: {"sessionId":"64db01f71e2e5360cebb7f8a425d1164","status":0,"value":true}
10:56:31.029 INFO - Found handler: org.openqa.selenium.remote.server.ServicedSession@3b06e799
10:56:31.029 INFO - Handler thread for session 64db01f71e2e5360cebb7f8a425d1164 (chrome): Executing POST on /session/64db01f71e2e5360cebb7f8a425d1164/element (handler: ServicedSession)
10:56:31.030 INFO - To upstream: {"using":"css selector","value":"#recent"}
10:56:31.036 INFO - To downstream: {"sessionId":"64db01f71e2e5360cebb7f8a425d1164","status":0,"value":{"ELEMENT":"0.11901231832048609-4"}}
10:56:31.038 INFO - Found handler: org.openqa.selenium.remote.server.ServicedSession@3b06e799
10:56:31.038 INFO - Handler thread for session 64db01f71e2e5360cebb7f8a425d1164 (chrome): Executing GET on /session/64db01f71e2e5360cebb7f8a425d1164/element/0.11901231832048609-4/text (handler: ServicedSession)
10:56:31.054 INFO - To downstream: {"sessionId":"64db01f71e2e5360cebb7f8a425d1164","status":0,"value":"Most recent recipes"}
10:56:31.056 INFO - Found handler: org.openqa.selenium.remote.server.ServicedSession@3b06e799
10:56:31.056 INFO - Handler thread for session 64db01f71e2e5360cebb7f8a425d1164 (chrome): Executing POST on /session/64db01f71e2e5360cebb7f8a425d1164/element (handler: ServicedSession)
10:56:31.057 INFO - To upstream: {"using":"css selector","value":"#dropdownMenuLink"}
10:56:31.070 INFO - To downstream: {"sessionId":"64db01f71e2e5360cebb7f8a425d1164","status":0,"value":{"ELEMENT":"0.11901231832048609-5"}}
10:56:31.072 INFO - Found handler: org.openqa.selenium.remote.server.ServicedSession@3b06e799
10:56:31.072 INFO - Handler thread for session 64db01f71e2e5360cebb7f8a425d1164 (chrome): Executing POST on /session/64db01f71e2e5360cebb7f8a425d1164/element/0.11901231832048609-5/click (handler: ServicedSession)
10:56:31.073 INFO - To upstream: 
10:56:31.122 INFO - To downstream: {"sessionId":"64db01f71e2e5360cebb7f8a425d1164","status":0,"value":null}
10:56:31.125 INFO - Found handler: org.openqa.selenium.remote.server.ServicedSession@3b06e799
10:56:31.125 INFO - Handler thread for session 64db01f71e2e5360cebb7f8a425d1164 (chrome): Executing POST on /session/64db01f71e2e5360cebb7f8a425d1164/elements (handler: ServicedSession)
10:56:31.126 INFO - To upstream: {"using":"css selector","value":"#add"}
10:56:31.141 INFO - To downstream: {"sessionId":"64db01f71e2e5360cebb7f8a425d1164","status":0,"value":[{"ELEMENT":"0.11901231832048609-6"}]}
10:56:31.143 INFO - Found handler: org.openqa.selenium.remote.server.ServicedSession@3b06e799
10:56:31.143 INFO - Handler thread for session 64db01f71e2e5360cebb7f8a425d1164 (chrome): Executing GET on /session/64db01f71e2e5360cebb7f8a425d1164/element/0.11901231832048609-6/displayed (handler: ServicedSession)
10:56:31.160 INFO - To downstream: {"sessionId":"64db01f71e2e5360cebb7f8a425d1164","status":0,"value":false}
10:56:31.669 INFO - Found handler: org.openqa.selenium.remote.server.ServicedSession@3b06e799
10:56:31.669 INFO - Handler thread for session 64db01f71e2e5360cebb7f8a425d1164 (chrome): Executing GET on /session/64db01f71e2e5360cebb7f8a425d1164/element/0.11901231832048609-6/displayed (handler: ServicedSession)
10:56:31.677 INFO - To downstream: {"sessionId":"64db01f71e2e5360cebb7f8a425d1164","status":0,"value":false}
10:56:32.181 INFO - Found handler: org.openqa.selenium.remote.server.ServicedSession@3b06e799
10:56:32.181 INFO - Handler thread for session 64db01f71e2e5360cebb7f8a425d1164 (chrome): Executing GET on /session/64db01f71e2e5360cebb7f8a425d1164/element/0.11901231832048609-6/displayed (handler: ServicedSession)
10:56:32.191 INFO - To downstream: {"sessionId":"64db01f71e2e5360cebb7f8a425d1164","status":0,"value":false}
10:56:32.195 INFO - Found handler: org.openqa.selenium.remote.server.ServicedSession@3b06e799
10:56:32.196 INFO - Handler thread for session 64db01f71e2e5360cebb7f8a425d1164 (chrome): Executing DELETE on /session/64db01f71e2e5360cebb7f8a425d1164 (handler: ServicedSession)
10:56:32.247 INFO - To downstream: {"sessionId":"64db01f71e2e5360cebb7f8a425d1164","status":0,"value":null}
10:56:32.248 INFO - Removing session org.openqa.selenium.remote.server.ServicedSession@3b06e799
10:56:32.265 INFO - To downstream: {"sessionId":"","status":0,"value":null}
